{"C:\\Users\\igord\\OneDrive\\Área de Trabalho\\Igor-Delesposti\\semana12\\projeto-planner\\src\\containers\\InputTask\\index.js": {"path":"C:\\Users\\igord\\OneDrive\\Área de Trabalho\\Igor-Delesposti\\semana12\\projeto-planner\\src\\containers\\InputTask\\index.js","statementMap":{"0":{"start":{"line":8,"column":18},"end":{"line":17,"column":1}},"1":{"start":{"line":19,"column":15},"end":{"line":23,"column":1}},"2":{"start":{"line":26,"column":6},"end":{"line":26,"column":18}},"3":{"start":{"line":27,"column":6},"end":{"line":32,"column":7}},"4":{"start":{"line":35,"column":24},"end":{"line":40,"column":5}},"5":{"start":{"line":36,"column":32},"end":{"line":36,"column":44}},"6":{"start":{"line":37,"column":8},"end":{"line":39,"column":10}},"7":{"start":{"line":42,"column":23},"end":{"line":51,"column":5}},"8":{"start":{"line":43,"column":8},"end":{"line":43,"column":30}},"9":{"start":{"line":44,"column":8},"end":{"line":44,"column":41}},"10":{"start":{"line":45,"column":8},"end":{"line":45,"column":51}},"11":{"start":{"line":46,"column":8},"end":{"line":48,"column":10}},"12":{"start":{"line":55,"column":6},"end":{"line":91,"column":7}},"13":{"start":{"line":96,"column":29},"end":{"line":98,"column":4}},"14":{"start":{"line":96,"column":42},"end":{"line":98,"column":3}},"15":{"start":{"line":97,"column":26},"end":{"line":97,"column":52}}},"fnMap":{"0":{"name":"(anonymous_0)","decl":{"start":{"line":25,"column":4},"end":{"line":25,"column":5}},"loc":{"start":{"line":25,"column":23},"end":{"line":33,"column":5}},"line":25},"1":{"name":"(anonymous_1)","decl":{"start":{"line":35,"column":24},"end":{"line":35,"column":25}},"loc":{"start":{"line":35,"column":35},"end":{"line":40,"column":5}},"line":35},"2":{"name":"(anonymous_2)","decl":{"start":{"line":42,"column":23},"end":{"line":42,"column":24}},"loc":{"start":{"line":42,"column":34},"end":{"line":51,"column":5}},"line":42},"3":{"name":"(anonymous_3)","decl":{"start":{"line":54,"column":4},"end":{"line":54,"column":5}},"loc":{"start":{"line":54,"column":13},"end":{"line":92,"column":5}},"line":54},"4":{"name":"(anonymous_4)","decl":{"start":{"line":96,"column":29},"end":{"line":96,"column":30}},"loc":{"start":{"line":96,"column":42},"end":{"line":98,"column":3}},"line":96},"5":{"name":"(anonymous_5)","decl":{"start":{"line":97,"column":16},"end":{"line":97,"column":17}},"loc":{"start":{"line":97,"column":26},"end":{"line":97,"column":52}},"line":97}},"branchMap":{},"s":{"0":0,"1":0,"2":0,"3":0,"4":0,"5":0,"6":0,"7":0,"8":0,"9":0,"10":0,"11":0,"12":0,"13":0,"14":0,"15":0},"f":{"0":0,"1":0,"2":0,"3":0,"4":0,"5":0},"b":{},"hash":"160240df11397e05399c2e072070eade2488dcba"}
,"C:\\Users\\igord\\OneDrive\\Área de Trabalho\\Igor-Delesposti\\semana12\\projeto-planner\\src\\containers\\Planner\\index.js": {"path":"C:\\Users\\igord\\OneDrive\\Área de Trabalho\\Igor-Delesposti\\semana12\\projeto-planner\\src\\containers\\Planner\\index.js","statementMap":{"0":{"start":{"line":7,"column":16},"end":{"line":19,"column":1}},"1":{"start":{"line":20,"column":18},"end":{"line":27,"column":1}},"2":{"start":{"line":28,"column":19},"end":{"line":31,"column":1}},"3":{"start":{"line":32,"column":18},"end":{"line":38,"column":1}},"4":{"start":{"line":39,"column":16},"end":{"line":48,"column":1}},"5":{"start":{"line":49,"column":14},"end":{"line":59,"column":1}},"6":{"start":{"line":61,"column":13},"end":{"line":61,"column":107}},"7":{"start":{"line":66,"column":4},"end":{"line":66,"column":16}},"8":{"start":{"line":67,"column":4},"end":{"line":69,"column":5}},"9":{"start":{"line":73,"column":4},"end":{"line":73,"column":25}},"10":{"start":{"line":79,"column":19},"end":{"line":79,"column":29}},"11":{"start":{"line":81,"column":24},"end":{"line":81,"column":26}},"12":{"start":{"line":83,"column":5},"end":{"line":89,"column":6}},"13":{"start":{"line":84,"column":6},"end":{"line":88,"column":7}},"14":{"start":{"line":85,"column":8},"end":{"line":85,"column":40}},"15":{"start":{"line":87,"column":8},"end":{"line":87,"column":38}},"16":{"start":{"line":91,"column":4},"end":{"line":91,"column":25}},"17":{"start":{"line":93,"column":4},"end":{"line":113,"column":5}},"18":{"start":{"line":101,"column":18},"end":{"line":107,"column":26}},"19":{"start":{"line":105,"column":22},"end":{"line":105,"column":40}},"20":{"start":{"line":116,"column":24},"end":{"line":118,"column":2}},"21":{"start":{"line":116,"column":36},"end":{"line":118,"column":1}},"22":{"start":{"line":120,"column":27},"end":{"line":122,"column":2}},"23":{"start":{"line":120,"column":40},"end":{"line":122,"column":1}},"24":{"start":{"line":121,"column":18},"end":{"line":121,"column":38}}},"fnMap":{"0":{"name":"(anonymous_0)","decl":{"start":{"line":65,"column":2},"end":{"line":65,"column":3}},"loc":{"start":{"line":65,"column":21},"end":{"line":70,"column":3}},"line":65},"1":{"name":"(anonymous_1)","decl":{"start":{"line":72,"column":2},"end":{"line":72,"column":3}},"loc":{"start":{"line":72,"column":22},"end":{"line":74,"column":3}},"line":72},"2":{"name":"(anonymous_2)","decl":{"start":{"line":78,"column":2},"end":{"line":78,"column":3}},"loc":{"start":{"line":78,"column":11},"end":{"line":114,"column":3}},"line":78},"3":{"name":"(anonymous_3)","decl":{"start":{"line":83,"column":31},"end":{"line":83,"column":32}},"loc":{"start":{"line":83,"column":39},"end":{"line":89,"column":5}},"line":83},"4":{"name":"(anonymous_4)","decl":{"start":{"line":100,"column":26},"end":{"line":100,"column":27}},"loc":{"start":{"line":101,"column":18},"end":{"line":107,"column":26}},"line":101},"5":{"name":"(anonymous_5)","decl":{"start":{"line":104,"column":41},"end":{"line":104,"column":42}},"loc":{"start":{"line":105,"column":22},"end":{"line":105,"column":40}},"line":105},"6":{"name":"(anonymous_6)","decl":{"start":{"line":116,"column":24},"end":{"line":116,"column":25}},"loc":{"start":{"line":116,"column":36},"end":{"line":118,"column":1}},"line":116},"7":{"name":"(anonymous_7)","decl":{"start":{"line":120,"column":27},"end":{"line":120,"column":28}},"loc":{"start":{"line":120,"column":40},"end":{"line":122,"column":1}},"line":120},"8":{"name":"(anonymous_8)","decl":{"start":{"line":121,"column":12},"end":{"line":121,"column":13}},"loc":{"start":{"line":121,"column":18},"end":{"line":121,"column":38}},"line":121}},"branchMap":{"0":{"loc":{"start":{"line":83,"column":5},"end":{"line":89,"column":6}},"type":"binary-expr","locations":[{"start":{"line":83,"column":5},"end":{"line":83,"column":13}},{"start":{"line":83,"column":17},"end":{"line":89,"column":6}}],"line":83},"1":{"loc":{"start":{"line":84,"column":6},"end":{"line":88,"column":7}},"type":"if","locations":[{"start":{"line":84,"column":6},"end":{"line":88,"column":7}},{"start":{"line":84,"column":6},"end":{"line":88,"column":7}}],"line":84},"2":{"loc":{"start":{"line":103,"column":19},"end":{"line":106,"column":22}},"type":"binary-expr","locations":[{"start":{"line":103,"column":19},"end":{"line":103,"column":35}},{"start":{"line":104,"column":20},"end":{"line":106,"column":22}}],"line":103}},"s":{"0":0,"1":0,"2":0,"3":0,"4":0,"5":0,"6":0,"7":0,"8":0,"9":0,"10":0,"11":0,"12":0,"13":0,"14":0,"15":0,"16":0,"17":0,"18":0,"19":0,"20":0,"21":0,"22":0,"23":0,"24":0},"f":{"0":0,"1":0,"2":0,"3":0,"4":0,"5":0,"6":0,"7":0,"8":0},"b":{"0":[0,0],"1":[0,0],"2":[0,0]},"hash":"78b7a8d22a9c84878947c5722d078354e9a2bba8"}
}
