TN:
SF:C:\Users\igord\OneDrive\Área de Trabalho\Igor-Delesposti\semana12\projeto-planner\src\index.js
FNF:0
FNH:0
DA:5,0
DA:6,0
LF:2
LH:0
BRF:0
BRH:0
end_of_record
TN:
SF:C:\Users\igord\OneDrive\Área de Trabalho\Igor-Delesposti\semana12\projeto-planner\src\actions\tasks.js
FN:5,(anonymous_0)
FN:16,(anonymous_1)
FN:16,(anonymous_2)
FN:30,(anonymous_3)
FN:30,(anonymous_4)
FNF:5
FNH:5
FNDA:3,(anonymous_0)
FNDA:2,(anonymous_1)
FNDA:1,(anonymous_2)
FNDA:1,(anonymous_3)
FNDA:1,(anonymous_4)
DA:5,4
DA:6,3
DA:16,4
DA:18,1
DA:19,1
DA:24,1
DA:26,0
DA:30,4
DA:32,1
DA:33,1
DA:37,1
DA:38,1
DA:40,0
LF:13
LH:11
BRF:0
BRH:0
end_of_record
TN:
SF:C:\Users\igord\OneDrive\Área de Trabalho\Igor-Delesposti\semana12\projeto-planner\src\containers\App\index.js
FN:14,(anonymous_0)
FN:19,(anonymous_1)
FNF:2
FNH:0
FNDA:0,(anonymous_0)
FNDA:0,(anonymous_1)
DA:10,0
DA:14,0
DA:17,0
DA:19,0
DA:20,0
LF:5
LH:0
BRDA:12,0,0,0
BRDA:12,0,1,0
BRF:2
BRH:0
end_of_record
TN:
SF:C:\Users\igord\OneDrive\Área de Trabalho\Igor-Delesposti\semana12\projeto-planner\src\containers\InputTask\index.js
FN:25,(anonymous_0)
FN:35,(anonymous_1)
FN:42,(anonymous_2)
FN:54,(anonymous_3)
FN:96,(anonymous_4)
FN:97,(anonymous_5)
FNF:6
FNH:0
FNDA:0,(anonymous_0)
FNDA:0,(anonymous_1)
FNDA:0,(anonymous_2)
FNDA:0,(anonymous_3)
FNDA:0,(anonymous_4)
FNDA:0,(anonymous_5)
DA:8,2
DA:19,2
DA:26,0
DA:27,0
DA:35,0
DA:36,0
DA:37,0
DA:42,0
DA:43,0
DA:44,0
DA:45,0
DA:46,0
DA:55,0
DA:96,2
DA:97,0
LF:15
LH:3
BRF:0
BRH:0
end_of_record
TN:
SF:C:\Users\igord\OneDrive\Área de Trabalho\Igor-Delesposti\semana12\projeto-planner\src\containers\Planner\index.js
FN:65,(anonymous_0)
FN:72,(anonymous_1)
FN:78,(anonymous_2)
FN:83,(anonymous_3)
FN:100,(anonymous_4)
FN:104,(anonymous_5)
FN:116,(anonymous_6)
FN:120,(anonymous_7)
FN:121,(anonymous_8)
FNF:9
FNH:0
FNDA:0,(anonymous_0)
FNDA:0,(anonymous_1)
FNDA:0,(anonymous_2)
FNDA:0,(anonymous_3)
FNDA:0,(anonymous_4)
FNDA:0,(anonymous_5)
FNDA:0,(anonymous_6)
FNDA:0,(anonymous_7)
FNDA:0,(anonymous_8)
DA:7,1
DA:20,1
DA:28,1
DA:32,1
DA:39,1
DA:49,1
DA:61,1
DA:66,0
DA:67,0
DA:73,0
DA:79,0
DA:81,0
DA:83,0
DA:84,0
DA:85,0
DA:87,0
DA:91,0
DA:93,0
DA:101,0
DA:105,0
DA:116,1
DA:120,1
DA:121,0
LF:23
LH:9
BRDA:83,0,0,0
BRDA:83,0,1,0
BRDA:84,1,0,0
BRDA:84,1,1,0
BRDA:103,2,0,0
BRDA:103,2,1,0
BRF:6
BRH:0
end_of_record
TN:
SF:C:\Users\igord\OneDrive\Área de Trabalho\Igor-Delesposti\semana12\projeto-planner\src\reducers\index.js
FNF:0
FNH:0
DA:4,0
LF:1
LH:0
BRF:0
BRH:0
end_of_record
TN:
SF:C:\Users\igord\OneDrive\Área de Trabalho\Igor-Delesposti\semana12\projeto-planner\src\reducers\tasks.js
FN:5,(anonymous_0)
FNF:1
FNH:1
FNDA:2,(anonymous_0)
DA:1,1
DA:5,1
DA:6,2
DA:7,2
DA:9,1
DA:13,1
LF:6
LH:6
BRDA:5,0,0,0
BRDA:7,1,0,1
BRDA:7,1,1,1
BRF:3
BRH:2
end_of_record
TN:
SF:C:\Users\igord\OneDrive\Área de Trabalho\Igor-Delesposti\semana12\projeto-planner\src\style\theme.js
FNF:0
FNH:0
LF:0
LH:0
BRF:0
BRH:0
end_of_record
